<?xml version="1.0" encoding="UTF-8"?>
<testng-results ignored="0" total="1" passed="1" failed="0" skipped="0">
  <reporter-output>
  </reporter-output>
  <suite started-at="2022-07-25T13:07:58 IST" name="Default suite" finished-at="2022-07-25T13:08:38 IST" duration-ms="39956">
    <groups>
      <group name="cucumber">
        <method signature="AbstractTestNGCucumberTests.runScenario(io.cucumber.testng.PickleWrapper,io.cucumber.testng.FeatureWrapper)[pri:0, instance:VtigerRunners.Runner@54e1c68b]" name="runScenario" class="io.cucumber.testng.AbstractTestNGCucumberTests"/>
      </group> <!-- cucumber -->
    </groups>
    <test started-at="2022-07-25T13:07:58 IST" name="Default test" finished-at="2022-07-25T13:08:38 IST" duration-ms="39956">
      <class name="VtigerRunners.Runner">
        <test-method is-config="true" signature="setUpClass(org.testng.ITestContext)[pri:0, instance:VtigerRunners.Runner@54e1c68b]" started-at="2022-07-25T13:07:58 IST" name="setUpClass" finished-at="2022-07-25T13:07:59 IST" duration-ms="1290" status="PASS">
          <params>
            <param index="0">
              <value>
                <![CDATA[org.testng.TestRunner@79b18230]]>
              </value>
            </param>
          </params>
          <reporter-output>
          </reporter-output>
        </test-method> <!-- setUpClass -->
        <test-method signature="runScenario(io.cucumber.testng.PickleWrapper,io.cucumber.testng.FeatureWrapper)[pri:0, instance:VtigerRunners.Runner@54e1c68b]" started-at="2022-07-25T13:07:59 IST" name="runScenario" description="Runs Cucumber Scenarios" data-provider="scenarios" finished-at="2022-07-25T13:08:37 IST" duration-ms="38156" status="PASS">
          <params>
            <param index="0">
              <value>
                <![CDATA["User should create a organization with mandatory fields"]]>
              </value>
            </param>
            <param index="1">
              <value>
                <![CDATA["Optional[Organization Module]"]]>
              </value>
            </param>
          </params>
          <reporter-output>
          </reporter-output>
        </test-method> <!-- runScenario -->
        <test-method is-config="true" signature="tearDownClass()[pri:0, instance:VtigerRunners.Runner@54e1c68b]" started-at="2022-07-25T13:08:37 IST" name="tearDownClass" finished-at="2022-07-25T13:08:38 IST" duration-ms="429" status="PASS">
          <reporter-output>
          </reporter-output>
        </test-method> <!-- tearDownClass -->
      </class> <!-- VtigerRunners.Runner -->
    </test> <!-- Default test -->
  </suite> <!-- Default suite -->
</testng-results>
